<?xml version="1.0" encoding="UTF-8"?>
<testsuite xmlns:xsi="http://www.w3.org/2001/XMLSchema-instance" xsi:noNamespaceSchemaLocation="https://maven.apache.org/surefire/maven-surefire-plugin/xsd/surefire-test-report.xsd" version="3.0.2" name="com.learntrix.edtech.service.ClassRecordingServiceTest" time="4.389" tests="2" errors="0" skipped="0" failures="0">
  <properties>
[...]
</properties>
  <testcase name="testUpdateProgressAndCompletion" classname="com.learntrix.edtech.service.ClassRecordingServiceTest" time="0.154">
    <system-out><![CDATA[
  .   ____          _            __ _ _
 /\\ / ___'_ __ _ _(_)_ __  __ _ \ \ \ \
( ( )\___ | '_ | '_| | '_ \/ _` | \ \ \ \
 \\/  ___)| |_)| | | | | || (_| |  ) ) ) )
  '  |____| .__|_| |_|_| |_\__, | / / / /
 =========|_|==============|___/=/_/_/_/

 :: Spring Boot ::               (v3.4.13)

2026-08-25T07:41:17.551+05:30  INFO 22768 --- [edtech-backend] [           main] c.l.e.service.ClassRecordingServiceTest  : Starting ClassRecordingServiceTest using Java 25.0.1 with PID 22768 (started by antha in C:\Desktop\learntrix\backend)
2026-08-25T07:41:17.552+05:30  INFO 22768 --- [edtech-backend] [           main] c.l.e.service.ClassRecordingServiceTest  : The following 1 profile is active: "test"
2026-08-25T07:41:18.480+05:30  WARN 22768 --- [edtech-backend] [           main] org.hibernate.orm.deprecation            : HHH90000025: H2Dialect does not need to be specified explicitly using 'hibernate.dialect' (remove the property setting and it will be selected by default)
2026-08-25T07:41:19.720+05:30  WARN 22768 --- [edtech-backend] [           main] .s.s.UserDetailsServiceAutoConfiguration : 

Using generated security password: 8e2865c1-e6a7-4da4-b5f1-208f53fd3bb8

This generated password is for development use only. Your security configuration must be updated before running your application in production.

2026-08-25T07:41:21.659+05:30  INFO 22768 --- [edtech-backend] [           main] c.l.e.service.ClassRecordingServiceTest  : Started ClassRecordingServiceTest in 4.155 seconds (process running for 25.58)
]]></system-out>
  </testcase>
  <testcase name="testCreateRecording" classname="com.learntrix.edtech.service.ClassRecordingServiceTest" time="0.024"/>
</testsuite>